1715284194.215388 client started (477774): version 3.4, socket /tmp/tmux-1000/default, protocol 8
1715284194.215426 on Linux 5.15.146.1-microsoft-standard-WSL2 #1 SMP Thu Jan 11 04:09:03 UTC 2024
1715284194.216198 using libevent 2.1.12-stable poll
1715284194.216248 using ncurses 6.3 20211021
1715284194.216301 flags are 0x10010000
1715284194.216308 socket is /tmp/tmux-1000/default
1715284194.216328 trying connect
1715284194.218131 add peer 0x557e02362f80: 6 ((nil))
1715284194.224211 sending message 100 to peer 0x557e02362f80 (4 bytes)
1715284194.224255 sending message 111 to peer 0x557e02362f80 (8 bytes)
1715284194.224262 sending message 101 to peer 0x557e02362f80 (15 bytes)
1715284194.224268 sending message 109 to peer 0x557e02362f80 (4 bytes)
1715284194.224272 sending message 102 to peer 0x557e02362f80 (11 bytes)
1715284194.224277 sending message 108 to peer 0x557e02362f80 (22 bytes)
1715284194.224281 sending message 112 to peer 0x557e02362f80 (58 bytes)
1715284194.224286 sending message 112 to peer 0x557e02362f80 (5 bytes)
1715284194.224290 sending message 112 to peer 0x557e02362f80 (5 bytes)
1715284194.224296 sending message 112 to peer 0x557e02362f80 (6 bytes)
1715284194.224300 sending message 112 to peer 0x557e02362f80 (6 bytes)
1715284194.224305 sending message 112 to peer 0x557e02362f80 (11 bytes)
1715284194.224309 sending message 112 to peer 0x557e02362f80 (10 bytes)
1715284194.224314 sending message 112 to peer 0x557e02362f80 (13 bytes)
1715284194.224318 sending message 112 to peer 0x557e02362f80 (14 bytes)
1715284194.224323 sending message 112 to peer 0x557e02362f80 (19 bytes)
1715284194.224327 sending message 112 to peer 0x557e02362f80 (11 bytes)
1715284194.224331 sending message 112 to peer 0x557e02362f80 (10 bytes)
1715284194.224335 sending message 112 to peer 0x557e02362f80 (15 bytes)
1715284194.224340 sending message 112 to peer 0x557e02362f80 (21 bytes)
1715284194.224345 sending message 112 to peer 0x557e02362f80 (13 bytes)
1715284194.224349 sending message 112 to peer 0x557e02362f80 (7 bytes)
1715284194.224354 sending message 112 to peer 0x557e02362f80 (13 bytes)
1715284194.224359 sending message 112 to peer 0x557e02362f80 (7 bytes)
1715284194.224364 sending message 112 to peer 0x557e02362f80 (13 bytes)
1715284194.224369 sending message 112 to peer 0x557e02362f80 (9 bytes)
1715284194.224374 sending message 112 to peer 0x557e02362f80 (21 bytes)
1715284194.224379 sending message 112 to peer 0x557e02362f80 (13 bytes)
1715284194.224383 sending message 112 to peer 0x557e02362f80 (9 bytes)
1715284194.224389 sending message 112 to peer 0x557e02362f80 (16 bytes)
1715284194.224393 sending message 112 to peer 0x557e02362f80 (13 bytes)
1715284194.224398 sending message 112 to peer 0x557e02362f80 (9 bytes)
1715284194.224403 sending message 112 to peer 0x557e02362f80 (9 bytes)
1715284194.224409 sending message 112 to peer 0x557e02362f80 (12 bytes)
1715284194.224414 sending message 112 to peer 0x557e02362f80 (8 bytes)
1715284194.224419 sending message 112 to peer 0x557e02362f80 (8 bytes)
1715284194.224424 sending message 112 to peer 0x557e02362f80 (13 bytes)
1715284194.224429 sending message 112 to peer 0x557e02362f80 (7 bytes)
1715284194.224435 sending message 112 to peer 0x557e02362f80 (7 bytes)
1715284194.224440 sending message 112 to peer 0x557e02362f80 (9 bytes)
1715284194.224445 sending message 112 to peer 0x557e02362f80 (9 bytes)
1715284194.224451 sending message 112 to peer 0x557e02362f80 (15 bytes)
1715284194.224458 sending message 112 to peer 0x557e02362f80 (13 bytes)
1715284194.224465 sending message 112 to peer 0x557e02362f80 (12 bytes)
1715284194.224471 sending message 112 to peer 0x557e02362f80 (8 bytes)
1715284194.224476 sending message 112 to peer 0x557e02362f80 (14 bytes)
1715284194.224482 sending message 112 to peer 0x557e02362f80 (11 bytes)
1715284194.224488 sending message 112 to peer 0x557e02362f80 (9 bytes)
1715284194.224492 sending message 112 to peer 0x557e02362f80 (10 bytes)
1715284194.224498 sending message 112 to peer 0x557e02362f80 (10 bytes)
1715284194.224504 sending message 112 to peer 0x557e02362f80 (10 bytes)
1715284194.224530 sending message 112 to peer 0x557e02362f80 (10 bytes)
1715284194.224537 sending message 112 to peer 0x557e02362f80 (11 bytes)
1715284194.224543 sending message 112 to peer 0x557e02362f80 (12 bytes)
1715284194.224549 sending message 112 to peer 0x557e02362f80 (12 bytes)
1715284194.224556 sending message 112 to peer 0x557e02362f80 (12 bytes)
1715284194.224562 sending message 112 to peer 0x557e02362f80 (12 bytes)
1715284194.224567 sending message 112 to peer 0x557e02362f80 (12 bytes)
1715284194.224574 sending message 112 to peer 0x557e02362f80 (11 bytes)
1715284194.224579 sending message 112 to peer 0x557e02362f80 (11 bytes)
1715284194.224585 sending message 112 to peer 0x557e02362f80 (12 bytes)
1715284194.224592 sending message 112 to peer 0x557e02362f80 (12 bytes)
1715284194.224597 sending message 112 to peer 0x557e02362f80 (12 bytes)
1715284194.224602 sending message 112 to peer 0x557e02362f80 (12 bytes)
1715284194.224608 sending message 112 to peer 0x557e02362f80 (12 bytes)
1715284194.224614 sending message 112 to peer 0x557e02362f80 (9 bytes)
1715284194.224619 sending message 112 to peer 0x557e02362f80 (12 bytes)
1715284194.224626 sending message 112 to peer 0x557e02362f80 (13 bytes)
1715284194.224633 sending message 112 to peer 0x557e02362f80 (13 bytes)
1715284194.224640 sending message 112 to peer 0x557e02362f80 (13 bytes)
1715284194.224651 sending message 112 to peer 0x557e02362f80 (13 bytes)
1715284194.224665 sending message 112 to peer 0x557e02362f80 (13 bytes)
1715284194.224682 sending message 112 to peer 0x557e02362f80 (8 bytes)
1715284194.224695 sending message 112 to peer 0x557e02362f80 (11 bytes)
1715284194.224785 sending message 112 to peer 0x557e02362f80 (11 bytes)
1715284194.224790 sending message 112 to peer 0x557e02362f80 (11 bytes)
1715284194.224795 sending message 112 to peer 0x557e02362f80 (12 bytes)
1715284194.224799 sending message 112 to peer 0x557e02362f80 (12 bytes)
1715284194.224802 sending message 112 to peer 0x557e02362f80 (12 bytes)
1715284194.224806 sending message 112 to peer 0x557e02362f80 (12 bytes)
1715284194.224810 sending message 112 to peer 0x557e02362f80 (13 bytes)
1715284194.224834 sending message 112 to peer 0x557e02362f80 (13 bytes)
1715284194.224840 sending message 112 to peer 0x557e02362f80 (13 bytes)
1715284194.224844 sending message 112 to peer 0x557e02362f80 (8 bytes)
1715284194.224851 sending message 112 to peer 0x557e02362f80 (13 bytes)
1715284194.224863 sending message 112 to peer 0x557e02362f80 (13 bytes)
1715284194.224875 sending message 112 to peer 0x557e02362f80 (13 bytes)
1715284194.224884 sending message 112 to peer 0x557e02362f80 (13 bytes)
1715284194.224892 sending message 112 to peer 0x557e02362f80 (13 bytes)
1715284194.224917 sending message 112 to peer 0x557e02362f80 (12 bytes)
1715284194.224930 sending message 112 to peer 0x557e02362f80 (12 bytes)
1715284194.224938 sending message 112 to peer 0x557e02362f80 (12 bytes)
1715284194.224945 sending message 112 to peer 0x557e02362f80 (12 bytes)
1715284194.224951 sending message 112 to peer 0x557e02362f80 (13 bytes)
1715284194.224960 sending message 112 to peer 0x557e02362f80 (8 bytes)
1715284194.224969 sending message 112 to peer 0x557e02362f80 (13 bytes)
1715284194.224981 sending message 112 to peer 0x557e02362f80 (13 bytes)
1715284194.224988 sending message 112 to peer 0x557e02362f80 (13 bytes)
1715284194.224992 sending message 112 to peer 0x557e02362f80 (13 bytes)
1715284194.224997 sending message 112 to peer 0x557e02362f80 (13 bytes)
1715284194.225002 sending message 112 to peer 0x557e02362f80 (13 bytes)
1715284194.225007 sending message 112 to peer 0x557e02362f80 (13 bytes)
1715284194.225011 sending message 112 to peer 0x557e02362f80 (12 bytes)
1715284194.225015 sending message 112 to peer 0x557e02362f80 (12 bytes)
1715284194.225019 sending message 112 to peer 0x557e02362f80 (12 bytes)
1715284194.225023 sending message 112 to peer 0x557e02362f80 (8 bytes)
1715284194.225027 sending message 112 to peer 0x557e02362f80 (12 bytes)
1715284194.225031 sending message 112 to peer 0x557e02362f80 (13 bytes)
1715284194.225054 sending message 112 to peer 0x557e02362f80 (13 bytes)
1715284194.225058 sending message 112 to peer 0x557e02362f80 (13 bytes)
1715284194.225062 sending message 112 to peer 0x557e02362f80 (13 bytes)
1715284194.225066 sending message 112 to peer 0x557e02362f80 (13 bytes)
1715284194.225070 sending message 112 to peer 0x557e02362f80 (13 bytes)
1715284194.225075 sending message 112 to peer 0x557e02362f80 (13 bytes)
1715284194.225078 sending message 112 to peer 0x557e02362f80 (13 bytes)
1715284194.225083 sending message 112 to peer 0x557e02362f80 (12 bytes)
1715284194.225087 sending message 112 to peer 0x557e02362f80 (10 bytes)
1715284194.225091 sending message 112 to peer 0x557e02362f80 (12 bytes)
1715284194.225095 sending message 112 to peer 0x557e02362f80 (12 bytes)
1715284194.225099 sending message 112 to peer 0x557e02362f80 (12 bytes)
1715284194.225103 sending message 112 to peer 0x557e02362f80 (13 bytes)
1715284194.225108 sending message 112 to peer 0x557e02362f80 (13 bytes)
1715284194.225112 sending message 112 to peer 0x557e02362f80 (13 bytes)
1715284194.225116 sending message 112 to peer 0x557e02362f80 (13 bytes)
1715284194.225120 sending message 112 to peer 0x557e02362f80 (13 bytes)
1715284194.225125 sending message 112 to peer 0x557e02362f80 (13 bytes)
1715284194.225129 sending message 112 to peer 0x557e02362f80 (13 bytes)
1715284194.225134 sending message 112 to peer 0x557e02362f80 (10 bytes)
1715284194.225138 sending message 112 to peer 0x557e02362f80 (13 bytes)
1715284194.225142 sending message 112 to peer 0x557e02362f80 (12 bytes)
1715284194.225146 sending message 112 to peer 0x557e02362f80 (12 bytes)
1715284194.225150 sending message 112 to peer 0x557e02362f80 (12 bytes)
1715284194.225155 sending message 112 to peer 0x557e02362f80 (10 bytes)
1715284194.225159 sending message 112 to peer 0x557e02362f80 (10 bytes)
1715284194.225163 sending message 112 to peer 0x557e02362f80 (10 bytes)
1715284194.225167 sending message 112 to peer 0x557e02362f80 (12 bytes)
1715284194.225171 sending message 112 to peer 0x557e02362f80 (13 bytes)
1715284194.225175 sending message 112 to peer 0x557e02362f80 (13 bytes)
1715284194.225180 sending message 112 to peer 0x557e02362f80 (13 bytes)
1715284194.225184 sending message 112 to peer 0x557e02362f80 (13 bytes)
1715284194.225188 sending message 112 to peer 0x557e02362f80 (13 bytes)
1715284194.225192 sending message 112 to peer 0x557e02362f80 (10 bytes)
1715284194.225196 sending message 112 to peer 0x557e02362f80 (11 bytes)
1715284194.225200 sending message 112 to peer 0x557e02362f80 (12 bytes)
1715284194.225205 sending message 112 to peer 0x557e02362f80 (12 bytes)
1715284194.225209 sending message 112 to peer 0x557e02362f80 (12 bytes)
1715284194.225213 sending message 112 to peer 0x557e02362f80 (12 bytes)
1715284194.225217 sending message 112 to peer 0x557e02362f80 (12 bytes)
1715284194.225221 sending message 112 to peer 0x557e02362f80 (11 bytes)
1715284194.225225 sending message 112 to peer 0x557e02362f80 (12 bytes)
1715284194.225230 sending message 112 to peer 0x557e02362f80 (12 bytes)
1715284194.225234 sending message 112 to peer 0x557e02362f80 (13 bytes)
1715284194.225238 sending message 112 to peer 0x557e02362f80 (13 bytes)
1715284194.225242 sending message 112 to peer 0x557e02362f80 (13 bytes)
1715284194.225246 sending message 112 to peer 0x557e02362f80 (13 bytes)
1715284194.225251 sending message 112 to peer 0x557e02362f80 (13 bytes)
1715284194.225255 sending message 112 to peer 0x557e02362f80 (10 bytes)
1715284194.225259 sending message 112 to peer 0x557e02362f80 (9 bytes)
1715284194.225263 sending message 112 to peer 0x557e02362f80 (12 bytes)
1715284194.225268 sending message 112 to peer 0x557e02362f80 (13 bytes)
1715284194.225272 sending message 112 to peer 0x557e02362f80 (13 bytes)
1715284194.225275 sending message 112 to peer 0x557e02362f80 (13 bytes)
1715284194.225279 sending message 112 to peer 0x557e02362f80 (13 bytes)
1715284194.225283 sending message 112 to peer 0x557e02362f80 (13 bytes)
1715284194.225287 sending message 112 to peer 0x557e02362f80 (9 bytes)
1715284194.225298 sending message 112 to peer 0x557e02362f80 (12 bytes)
1715284194.225303 sending message 112 to peer 0x557e02362f80 (13 bytes)
1715284194.225308 sending message 112 to peer 0x557e02362f80 (13 bytes)
1715284194.225312 sending message 112 to peer 0x557e02362f80 (13 bytes)
1715284194.225316 sending message 112 to peer 0x557e02362f80 (13 bytes)
1715284194.225320 sending message 112 to peer 0x557e02362f80 (13 bytes)
1715284194.225324 sending message 112 to peer 0x557e02362f80 (11 bytes)
1715284194.225327 sending message 112 to peer 0x557e02362f80 (12 bytes)
1715284194.225331 sending message 112 to peer 0x557e02362f80 (13 bytes)
1715284194.225335 sending message 112 to peer 0x557e02362f80 (13 bytes)
1715284194.225339 sending message 112 to peer 0x557e02362f80 (13 bytes)
1715284194.225343 sending message 112 to peer 0x557e02362f80 (13 bytes)
1715284194.225347 sending message 112 to peer 0x557e02362f80 (13 bytes)
1715284194.225351 sending message 112 to peer 0x557e02362f80 (11 bytes)
1715284194.225355 sending message 112 to peer 0x557e02362f80 (12 bytes)
1715284194.225359 sending message 112 to peer 0x557e02362f80 (12 bytes)
1715284194.225364 sending message 112 to peer 0x557e02362f80 (12 bytes)
1715284194.225368 sending message 112 to peer 0x557e02362f80 (12 bytes)
1715284194.225373 sending message 112 to peer 0x557e02362f80 (12 bytes)
1715284194.225377 sending message 112 to peer 0x557e02362f80 (21 bytes)
1715284194.225381 sending message 112 to peer 0x557e02362f80 (12 bytes)
1715284194.225385 sending message 112 to peer 0x557e02362f80 (9 bytes)
1715284194.225390 sending message 112 to peer 0x557e02362f80 (6 bytes)
1715284194.225394 sending message 112 to peer 0x557e02362f80 (13 bytes)
1715284194.225398 sending message 112 to peer 0x557e02362f80 (10 bytes)
1715284194.225403 sending message 112 to peer 0x557e02362f80 (24 bytes)
1715284194.225407 sending message 112 to peer 0x557e02362f80 (13 bytes)
1715284194.225411 sending message 112 to peer 0x557e02362f80 (9 bytes)
1715284194.225415 sending message 112 to peer 0x557e02362f80 (70 bytes)
1715284194.225419 sending message 112 to peer 0x557e02362f80 (69 bytes)
1715284194.225423 sending message 112 to peer 0x557e02362f80 (12 bytes)
1715284194.225428 sending message 112 to peer 0x557e02362f80 (10 bytes)
1715284194.225432 sending message 112 to peer 0x557e02362f80 (10 bytes)
1715284194.225436 sending message 112 to peer 0x557e02362f80 (24 bytes)
1715284194.225440 sending message 112 to peer 0x557e02362f80 (13 bytes)
1715284194.225444 sending message 112 to peer 0x557e02362f80 (10 bytes)
1715284194.225448 sending message 112 to peer 0x557e02362f80 (10 bytes)
1715284194.225453 sending message 112 to peer 0x557e02362f80 (10 bytes)
1715284194.225458 sending message 112 to peer 0x557e02362f80 (13 bytes)
1715284194.225462 sending message 112 to peer 0x557e02362f80 (15 bytes)
1715284194.225466 sending message 112 to peer 0x557e02362f80 (5 bytes)
1715284194.225477 sending message 104 to peer 0x557e02362f80 (0 bytes)
1715284194.225589 sending message 110 to peer 0x557e02362f80 (0 bytes)
1715284194.225602 sending message 107 to peer 0x557e02362f80 (4 bytes)
1715284194.225608 sending message 105 to peer 0x557e02362f80 (50 bytes)
1715284194.225612 sending message 105 to peer 0x557e02362f80 (47 bytes)
1715284194.225616 sending message 105 to peer 0x557e02362f80 (26 bytes)
1715284194.225620 sending message 105 to peer 0x557e02362f80 (40 bytes)
1715284194.225624 sending message 105 to peer 0x557e02362f80 (46 bytes)
1715284194.225628 sending message 105 to peer 0x557e02362f80 (33 bytes)
1715284194.225632 sending message 105 to peer 0x557e02362f80 (48 bytes)
1715284194.225636 sending message 105 to peer 0x557e02362f80 (14 bytes)
1715284194.225640 sending message 105 to peer 0x557e02362f80 (54 bytes)
1715284194.225644 sending message 105 to peer 0x557e02362f80 (11 bytes)
1715284194.225648 sending message 105 to peer 0x557e02362f80 (2218 bytes)
1715284194.225674 sending message 105 to peer 0x557e02362f80 (14 bytes)
1715284194.225678 sending message 105 to peer 0x557e02362f80 (16 bytes)
1715284194.225692 sending message 105 to peer 0x557e02362f80 (13 bytes)
1715284194.225697 sending message 105 to peer 0x557e02362f80 (113 bytes)
1715284194.225701 sending message 105 to peer 0x557e02362f80 (11 bytes)
1715284194.225705 sending message 105 to peer 0x557e02362f80 (83 bytes)
1715284194.225709 sending message 105 to peer 0x557e02362f80 (21 bytes)
1715284194.225713 sending message 105 to peer 0x557e02362f80 (59 bytes)
1715284194.225716 sending message 105 to peer 0x557e02362f80 (48 bytes)
1715284194.225720 sending message 105 to peer 0x557e02362f80 (16 bytes)
1715284194.225724 sending message 105 to peer 0x557e02362f80 (20 bytes)
1715284194.225728 sending message 105 to peer 0x557e02362f80 (22 bytes)
1715284194.225732 sending message 105 to peer 0x557e02362f80 (57 bytes)
1715284194.225736 sending message 105 to peer 0x557e02362f80 (55 bytes)
1715284194.225740 sending message 105 to peer 0x557e02362f80 (12 bytes)
1715284194.225744 sending message 105 to peer 0x557e02362f80 (1786 bytes)
1715284194.225749 sending message 105 to peer 0x557e02362f80 (40 bytes)
1715284194.225753 sending message 105 to peer 0x557e02362f80 (26 bytes)
1715284194.225757 sending message 105 to peer 0x557e02362f80 (25 bytes)
1715284194.225761 sending message 105 to peer 0x557e02362f80 (8 bytes)
1715284194.225765 sending message 105 to peer 0x557e02362f80 (20 bytes)
1715284194.225769 sending message 105 to peer 0x557e02362f80 (18 bytes)
1715284194.225773 sending message 105 to peer 0x557e02362f80 (25 bytes)
1715284194.225777 sending message 105 to peer 0x557e02362f80 (37 bytes)
1715284194.225780 sending message 105 to peer 0x557e02362f80 (13 bytes)
1715284194.225784 sending message 105 to peer 0x557e02362f80 (49 bytes)
1715284194.225788 sending message 105 to peer 0x557e02362f80 (8 bytes)
1715284194.225792 sending message 105 to peer 0x557e02362f80 (26 bytes)
1715284194.225796 sending message 105 to peer 0x557e02362f80 (24 bytes)
1715284194.225800 sending message 105 to peer 0x557e02362f80 (33 bytes)
1715284194.225804 sending message 105 to peer 0x557e02362f80 (29 bytes)
1715284194.225808 sending message 105 to peer 0x557e02362f80 (36 bytes)
1715284194.225811 sending message 105 to peer 0x557e02362f80 (53 bytes)
1715284194.225815 sending message 105 to peer 0x557e02362f80 (48 bytes)
1715284194.225819 sending message 105 to peer 0x557e02362f80 (32 bytes)
1715284194.225823 sending message 105 to peer 0x557e02362f80 (22 bytes)
1715284194.225827 sending message 105 to peer 0x557e02362f80 (22 bytes)
1715284194.225831 sending message 105 to peer 0x557e02362f80 (11 bytes)
1715284194.225834 sending message 105 to peer 0x557e02362f80 (7 bytes)
1715284194.225838 sending message 105 to peer 0x557e02362f80 (24 bytes)
1715284194.225842 sending message 105 to peer 0x557e02362f80 (20 bytes)
1715284194.225846 sending message 105 to peer 0x557e02362f80 (10 bytes)
1715284194.225850 sending message 105 to peer 0x557e02362f80 (243 bytes)
1715284194.225854 sending message 105 to peer 0x557e02362f80 (115 bytes)
1715284194.225858 sending message 105 to peer 0x557e02362f80 (26 bytes)
1715284194.225862 sending message 105 to peer 0x557e02362f80 (49 bytes)
1715284194.225866 sending message 105 to peer 0x557e02362f80 (21 bytes)
1715284194.225870 sending message 106 to peer 0x557e02362f80 (0 bytes)
1715284194.225991 sending message 200 to peer 0x557e02362f80 (4 bytes)
1715284194.226001 client loop enter
1715284194.234822 peer 0x557e02362f80 message 303
1715284194.234851 open write file 2 -
1715284194.234869 sending message 305 to peer 0x557e02362f80 (8 bytes)
1715284194.234889 write check file 2
1715284194.236142 peer 0x557e02362f80 message 304
1715284194.236202 write 58 to file 2
1715284194.236217 peer 0x557e02362f80 message 203
1715284194.236223 file 2 58 bytes left
1715284194.236292 write check file 2
1715284194.236304 client loop exit
