1715284212.914122 client started (477989): version 3.4, socket /tmp/tmux-1000/default, protocol 8
1715284212.914162 on Linux 5.15.146.1-microsoft-standard-WSL2 #1 SMP Thu Jan 11 04:09:03 UTC 2024
1715284212.914171 using libevent 2.1.12-stable poll
1715284212.914178 using ncurses 6.3 20211021
1715284212.914214 flags are 0x10010000
1715284212.914220 socket is /tmp/tmux-1000/default
1715284212.914236 trying connect
1715284212.914386 add peer 0x55f9059eaf80: 6 ((nil))
1715284212.914882 sending message 100 to peer 0x55f9059eaf80 (4 bytes)
1715284212.914902 sending message 111 to peer 0x55f9059eaf80 (8 bytes)
1715284212.914910 sending message 101 to peer 0x55f9059eaf80 (15 bytes)
1715284212.914917 sending message 109 to peer 0x55f9059eaf80 (4 bytes)
1715284212.914924 sending message 102 to peer 0x55f9059eaf80 (11 bytes)
1715284212.914931 sending message 108 to peer 0x55f9059eaf80 (22 bytes)
1715284212.914938 sending message 112 to peer 0x55f9059eaf80 (58 bytes)
1715284212.914946 sending message 112 to peer 0x55f9059eaf80 (5 bytes)
1715284212.914953 sending message 112 to peer 0x55f9059eaf80 (5 bytes)
1715284212.914959 sending message 112 to peer 0x55f9059eaf80 (6 bytes)
1715284212.914966 sending message 112 to peer 0x55f9059eaf80 (6 bytes)
1715284212.914973 sending message 112 to peer 0x55f9059eaf80 (11 bytes)
1715284212.914980 sending message 112 to peer 0x55f9059eaf80 (10 bytes)
1715284212.914987 sending message 112 to peer 0x55f9059eaf80 (13 bytes)
1715284212.914994 sending message 112 to peer 0x55f9059eaf80 (14 bytes)
1715284212.915001 sending message 112 to peer 0x55f9059eaf80 (19 bytes)
1715284212.915041 sending message 112 to peer 0x55f9059eaf80 (11 bytes)
1715284212.915054 sending message 112 to peer 0x55f9059eaf80 (10 bytes)
1715284212.915061 sending message 112 to peer 0x55f9059eaf80 (15 bytes)
1715284212.915104 sending message 112 to peer 0x55f9059eaf80 (21 bytes)
1715284212.915116 sending message 112 to peer 0x55f9059eaf80 (13 bytes)
1715284212.915124 sending message 112 to peer 0x55f9059eaf80 (7 bytes)
1715284212.915131 sending message 112 to peer 0x55f9059eaf80 (13 bytes)
1715284212.915137 sending message 112 to peer 0x55f9059eaf80 (7 bytes)
1715284212.915144 sending message 112 to peer 0x55f9059eaf80 (13 bytes)
1715284212.915151 sending message 112 to peer 0x55f9059eaf80 (9 bytes)
1715284212.915158 sending message 112 to peer 0x55f9059eaf80 (21 bytes)
1715284212.915165 sending message 112 to peer 0x55f9059eaf80 (13 bytes)
1715284212.915172 sending message 112 to peer 0x55f9059eaf80 (9 bytes)
1715284212.915179 sending message 112 to peer 0x55f9059eaf80 (16 bytes)
1715284212.915186 sending message 112 to peer 0x55f9059eaf80 (13 bytes)
1715284212.915193 sending message 112 to peer 0x55f9059eaf80 (9 bytes)
1715284212.915200 sending message 112 to peer 0x55f9059eaf80 (9 bytes)
1715284212.915207 sending message 112 to peer 0x55f9059eaf80 (12 bytes)
1715284212.915214 sending message 112 to peer 0x55f9059eaf80 (8 bytes)
1715284212.915221 sending message 112 to peer 0x55f9059eaf80 (8 bytes)
1715284212.915228 sending message 112 to peer 0x55f9059eaf80 (13 bytes)
1715284212.915235 sending message 112 to peer 0x55f9059eaf80 (7 bytes)
1715284212.915242 sending message 112 to peer 0x55f9059eaf80 (7 bytes)
1715284212.915249 sending message 112 to peer 0x55f9059eaf80 (9 bytes)
1715284212.915256 sending message 112 to peer 0x55f9059eaf80 (9 bytes)
1715284212.915282 sending message 112 to peer 0x55f9059eaf80 (15 bytes)
1715284212.915294 sending message 112 to peer 0x55f9059eaf80 (13 bytes)
1715284212.915302 sending message 112 to peer 0x55f9059eaf80 (12 bytes)
1715284212.915309 sending message 112 to peer 0x55f9059eaf80 (8 bytes)
1715284212.915316 sending message 112 to peer 0x55f9059eaf80 (14 bytes)
1715284212.915323 sending message 112 to peer 0x55f9059eaf80 (11 bytes)
1715284212.915330 sending message 112 to peer 0x55f9059eaf80 (9 bytes)
1715284212.915337 sending message 112 to peer 0x55f9059eaf80 (10 bytes)
1715284212.915344 sending message 112 to peer 0x55f9059eaf80 (10 bytes)
1715284212.915351 sending message 112 to peer 0x55f9059eaf80 (10 bytes)
1715284212.915370 sending message 112 to peer 0x55f9059eaf80 (10 bytes)
1715284212.915378 sending message 112 to peer 0x55f9059eaf80 (11 bytes)
1715284212.915384 sending message 112 to peer 0x55f9059eaf80 (12 bytes)
1715284212.915392 sending message 112 to peer 0x55f9059eaf80 (12 bytes)
1715284212.915399 sending message 112 to peer 0x55f9059eaf80 (12 bytes)
1715284212.915406 sending message 112 to peer 0x55f9059eaf80 (12 bytes)
1715284212.915413 sending message 112 to peer 0x55f9059eaf80 (12 bytes)
1715284212.915420 sending message 112 to peer 0x55f9059eaf80 (11 bytes)
1715284212.915427 sending message 112 to peer 0x55f9059eaf80 (11 bytes)
1715284212.915434 sending message 112 to peer 0x55f9059eaf80 (12 bytes)
1715284212.915441 sending message 112 to peer 0x55f9059eaf80 (12 bytes)
1715284212.915448 sending message 112 to peer 0x55f9059eaf80 (12 bytes)
1715284212.915455 sending message 112 to peer 0x55f9059eaf80 (12 bytes)
1715284212.915462 sending message 112 to peer 0x55f9059eaf80 (12 bytes)
1715284212.915469 sending message 112 to peer 0x55f9059eaf80 (9 bytes)
1715284212.915477 sending message 112 to peer 0x55f9059eaf80 (12 bytes)
1715284212.915484 sending message 112 to peer 0x55f9059eaf80 (13 bytes)
1715284212.915491 sending message 112 to peer 0x55f9059eaf80 (13 bytes)
1715284212.915498 sending message 112 to peer 0x55f9059eaf80 (13 bytes)
1715284212.915505 sending message 112 to peer 0x55f9059eaf80 (13 bytes)
1715284212.915512 sending message 112 to peer 0x55f9059eaf80 (13 bytes)
1715284212.915519 sending message 112 to peer 0x55f9059eaf80 (8 bytes)
1715284212.915526 sending message 112 to peer 0x55f9059eaf80 (11 bytes)
1715284212.915533 sending message 112 to peer 0x55f9059eaf80 (11 bytes)
1715284212.915540 sending message 112 to peer 0x55f9059eaf80 (11 bytes)
1715284212.915547 sending message 112 to peer 0x55f9059eaf80 (12 bytes)
1715284212.915554 sending message 112 to peer 0x55f9059eaf80 (12 bytes)
1715284212.915561 sending message 112 to peer 0x55f9059eaf80 (12 bytes)
1715284212.915568 sending message 112 to peer 0x55f9059eaf80 (12 bytes)
1715284212.915575 sending message 112 to peer 0x55f9059eaf80 (13 bytes)
1715284212.915582 sending message 112 to peer 0x55f9059eaf80 (13 bytes)
1715284212.915589 sending message 112 to peer 0x55f9059eaf80 (13 bytes)
1715284212.915596 sending message 112 to peer 0x55f9059eaf80 (8 bytes)
1715284212.915603 sending message 112 to peer 0x55f9059eaf80 (13 bytes)
1715284212.915610 sending message 112 to peer 0x55f9059eaf80 (13 bytes)
1715284212.915618 sending message 112 to peer 0x55f9059eaf80 (13 bytes)
1715284212.915625 sending message 112 to peer 0x55f9059eaf80 (13 bytes)
1715284212.915631 sending message 112 to peer 0x55f9059eaf80 (13 bytes)
1715284212.915638 sending message 112 to peer 0x55f9059eaf80 (12 bytes)
1715284212.915645 sending message 112 to peer 0x55f9059eaf80 (12 bytes)
1715284212.915652 sending message 112 to peer 0x55f9059eaf80 (12 bytes)
1715284212.915659 sending message 112 to peer 0x55f9059eaf80 (12 bytes)
1715284212.915665 sending message 112 to peer 0x55f9059eaf80 (13 bytes)
1715284212.915672 sending message 112 to peer 0x55f9059eaf80 (8 bytes)
1715284212.915679 sending message 112 to peer 0x55f9059eaf80 (13 bytes)
1715284212.915686 sending message 112 to peer 0x55f9059eaf80 (13 bytes)
1715284212.915693 sending message 112 to peer 0x55f9059eaf80 (13 bytes)
1715284212.915700 sending message 112 to peer 0x55f9059eaf80 (13 bytes)
1715284212.915706 sending message 112 to peer 0x55f9059eaf80 (13 bytes)
1715284212.915713 sending message 112 to peer 0x55f9059eaf80 (13 bytes)
1715284212.915721 sending message 112 to peer 0x55f9059eaf80 (13 bytes)
1715284212.915729 sending message 112 to peer 0x55f9059eaf80 (12 bytes)
1715284212.915736 sending message 112 to peer 0x55f9059eaf80 (12 bytes)
1715284212.915743 sending message 112 to peer 0x55f9059eaf80 (12 bytes)
1715284212.915750 sending message 112 to peer 0x55f9059eaf80 (8 bytes)
1715284212.915757 sending message 112 to peer 0x55f9059eaf80 (12 bytes)
1715284212.915764 sending message 112 to peer 0x55f9059eaf80 (13 bytes)
1715284212.915778 sending message 112 to peer 0x55f9059eaf80 (13 bytes)
1715284212.915784 sending message 112 to peer 0x55f9059eaf80 (13 bytes)
1715284212.915791 sending message 112 to peer 0x55f9059eaf80 (13 bytes)
1715284212.915798 sending message 112 to peer 0x55f9059eaf80 (13 bytes)
1715284212.915804 sending message 112 to peer 0x55f9059eaf80 (13 bytes)
1715284212.915811 sending message 112 to peer 0x55f9059eaf80 (13 bytes)
1715284212.915818 sending message 112 to peer 0x55f9059eaf80 (13 bytes)
1715284212.915825 sending message 112 to peer 0x55f9059eaf80 (12 bytes)
1715284212.915832 sending message 112 to peer 0x55f9059eaf80 (10 bytes)
1715284212.915839 sending message 112 to peer 0x55f9059eaf80 (12 bytes)
1715284212.915846 sending message 112 to peer 0x55f9059eaf80 (12 bytes)
1715284212.915853 sending message 112 to peer 0x55f9059eaf80 (12 bytes)
1715284212.915860 sending message 112 to peer 0x55f9059eaf80 (13 bytes)
1715284212.915866 sending message 112 to peer 0x55f9059eaf80 (13 bytes)
1715284212.915873 sending message 112 to peer 0x55f9059eaf80 (13 bytes)
1715284212.915880 sending message 112 to peer 0x55f9059eaf80 (13 bytes)
1715284212.915887 sending message 112 to peer 0x55f9059eaf80 (13 bytes)
1715284212.915894 sending message 112 to peer 0x55f9059eaf80 (13 bytes)
1715284212.915900 sending message 112 to peer 0x55f9059eaf80 (13 bytes)
1715284212.915907 sending message 112 to peer 0x55f9059eaf80 (10 bytes)
1715284212.915914 sending message 112 to peer 0x55f9059eaf80 (13 bytes)
1715284212.915921 sending message 112 to peer 0x55f9059eaf80 (12 bytes)
1715284212.915927 sending message 112 to peer 0x55f9059eaf80 (12 bytes)
1715284212.915934 sending message 112 to peer 0x55f9059eaf80 (12 bytes)
1715284212.915941 sending message 112 to peer 0x55f9059eaf80 (10 bytes)
1715284212.915948 sending message 112 to peer 0x55f9059eaf80 (10 bytes)
1715284212.915955 sending message 112 to peer 0x55f9059eaf80 (10 bytes)
1715284212.915961 sending message 112 to peer 0x55f9059eaf80 (12 bytes)
1715284212.915968 sending message 112 to peer 0x55f9059eaf80 (13 bytes)
1715284212.915975 sending message 112 to peer 0x55f9059eaf80 (13 bytes)
1715284212.915982 sending message 112 to peer 0x55f9059eaf80 (13 bytes)
1715284212.915989 sending message 112 to peer 0x55f9059eaf80 (13 bytes)
1715284212.915996 sending message 112 to peer 0x55f9059eaf80 (13 bytes)
1715284212.916003 sending message 112 to peer 0x55f9059eaf80 (10 bytes)
1715284212.916009 sending message 112 to peer 0x55f9059eaf80 (11 bytes)
1715284212.916016 sending message 112 to peer 0x55f9059eaf80 (12 bytes)
1715284212.916023 sending message 112 to peer 0x55f9059eaf80 (12 bytes)
1715284212.916030 sending message 112 to peer 0x55f9059eaf80 (12 bytes)
1715284212.916037 sending message 112 to peer 0x55f9059eaf80 (12 bytes)
1715284212.916044 sending message 112 to peer 0x55f9059eaf80 (12 bytes)
1715284212.916050 sending message 112 to peer 0x55f9059eaf80 (11 bytes)
1715284212.916057 sending message 112 to peer 0x55f9059eaf80 (12 bytes)
1715284212.916064 sending message 112 to peer 0x55f9059eaf80 (12 bytes)
1715284212.916071 sending message 112 to peer 0x55f9059eaf80 (13 bytes)
1715284212.916078 sending message 112 to peer 0x55f9059eaf80 (13 bytes)
1715284212.916086 sending message 112 to peer 0x55f9059eaf80 (13 bytes)
1715284212.916093 sending message 112 to peer 0x55f9059eaf80 (13 bytes)
1715284212.916100 sending message 112 to peer 0x55f9059eaf80 (13 bytes)
1715284212.916107 sending message 112 to peer 0x55f9059eaf80 (10 bytes)
1715284212.916114 sending message 112 to peer 0x55f9059eaf80 (9 bytes)
1715284212.916121 sending message 112 to peer 0x55f9059eaf80 (12 bytes)
1715284212.916127 sending message 112 to peer 0x55f9059eaf80 (13 bytes)
1715284212.916134 sending message 112 to peer 0x55f9059eaf80 (13 bytes)
1715284212.916141 sending message 112 to peer 0x55f9059eaf80 (13 bytes)
1715284212.916148 sending message 112 to peer 0x55f9059eaf80 (13 bytes)
1715284212.916155 sending message 112 to peer 0x55f9059eaf80 (13 bytes)
1715284212.916162 sending message 112 to peer 0x55f9059eaf80 (9 bytes)
1715284212.916174 sending message 112 to peer 0x55f9059eaf80 (12 bytes)
1715284212.916181 sending message 112 to peer 0x55f9059eaf80 (13 bytes)
1715284212.916188 sending message 112 to peer 0x55f9059eaf80 (13 bytes)
1715284212.916195 sending message 112 to peer 0x55f9059eaf80 (13 bytes)
1715284212.916203 sending message 112 to peer 0x55f9059eaf80 (13 bytes)
1715284212.916209 sending message 112 to peer 0x55f9059eaf80 (13 bytes)
1715284212.916216 sending message 112 to peer 0x55f9059eaf80 (11 bytes)
1715284212.916223 sending message 112 to peer 0x55f9059eaf80 (12 bytes)
1715284212.916230 sending message 112 to peer 0x55f9059eaf80 (13 bytes)
1715284212.916238 sending message 112 to peer 0x55f9059eaf80 (13 bytes)
1715284212.916245 sending message 112 to peer 0x55f9059eaf80 (13 bytes)
1715284212.916252 sending message 112 to peer 0x55f9059eaf80 (13 bytes)
1715284212.916258 sending message 112 to peer 0x55f9059eaf80 (13 bytes)
1715284212.916265 sending message 112 to peer 0x55f9059eaf80 (11 bytes)
1715284212.916272 sending message 112 to peer 0x55f9059eaf80 (12 bytes)
1715284212.916279 sending message 112 to peer 0x55f9059eaf80 (12 bytes)
1715284212.916286 sending message 112 to peer 0x55f9059eaf80 (12 bytes)
1715284212.916294 sending message 112 to peer 0x55f9059eaf80 (12 bytes)
1715284212.916321 sending message 112 to peer 0x55f9059eaf80 (12 bytes)
1715284212.916331 sending message 112 to peer 0x55f9059eaf80 (21 bytes)
1715284212.916338 sending message 112 to peer 0x55f9059eaf80 (12 bytes)
1715284212.916345 sending message 112 to peer 0x55f9059eaf80 (9 bytes)
1715284212.916352 sending message 112 to peer 0x55f9059eaf80 (6 bytes)
1715284212.916359 sending message 112 to peer 0x55f9059eaf80 (13 bytes)
1715284212.916367 sending message 112 to peer 0x55f9059eaf80 (10 bytes)
1715284212.916374 sending message 112 to peer 0x55f9059eaf80 (24 bytes)
1715284212.916381 sending message 112 to peer 0x55f9059eaf80 (13 bytes)
1715284212.916388 sending message 112 to peer 0x55f9059eaf80 (9 bytes)
1715284212.916395 sending message 112 to peer 0x55f9059eaf80 (70 bytes)
1715284212.916403 sending message 112 to peer 0x55f9059eaf80 (69 bytes)
1715284212.916410 sending message 112 to peer 0x55f9059eaf80 (12 bytes)
1715284212.916417 sending message 112 to peer 0x55f9059eaf80 (10 bytes)
1715284212.916425 sending message 112 to peer 0x55f9059eaf80 (10 bytes)
1715284212.916431 sending message 112 to peer 0x55f9059eaf80 (24 bytes)
1715284212.916438 sending message 112 to peer 0x55f9059eaf80 (13 bytes)
1715284212.916445 sending message 112 to peer 0x55f9059eaf80 (10 bytes)
1715284212.916452 sending message 112 to peer 0x55f9059eaf80 (10 bytes)
1715284212.916458 sending message 112 to peer 0x55f9059eaf80 (10 bytes)
1715284212.916465 sending message 112 to peer 0x55f9059eaf80 (13 bytes)
1715284212.916472 sending message 112 to peer 0x55f9059eaf80 (15 bytes)
1715284212.916480 sending message 112 to peer 0x55f9059eaf80 (5 bytes)
1715284212.916492 sending message 104 to peer 0x55f9059eaf80 (0 bytes)
1715284212.916500 sending message 110 to peer 0x55f9059eaf80 (0 bytes)
1715284212.916509 sending message 107 to peer 0x55f9059eaf80 (4 bytes)
1715284212.916516 sending message 105 to peer 0x55f9059eaf80 (50 bytes)
1715284212.916523 sending message 105 to peer 0x55f9059eaf80 (47 bytes)
1715284212.916531 sending message 105 to peer 0x55f9059eaf80 (26 bytes)
1715284212.916538 sending message 105 to peer 0x55f9059eaf80 (40 bytes)
1715284212.916546 sending message 105 to peer 0x55f9059eaf80 (46 bytes)
1715284212.916553 sending message 105 to peer 0x55f9059eaf80 (33 bytes)
1715284212.916560 sending message 105 to peer 0x55f9059eaf80 (48 bytes)
1715284212.916567 sending message 105 to peer 0x55f9059eaf80 (14 bytes)
1715284212.916574 sending message 105 to peer 0x55f9059eaf80 (54 bytes)
1715284212.916582 sending message 105 to peer 0x55f9059eaf80 (11 bytes)
1715284212.916589 sending message 105 to peer 0x55f9059eaf80 (2218 bytes)
1715284212.916621 sending message 105 to peer 0x55f9059eaf80 (14 bytes)
1715284212.916629 sending message 105 to peer 0x55f9059eaf80 (16 bytes)
1715284212.916646 sending message 105 to peer 0x55f9059eaf80 (13 bytes)
1715284212.916654 sending message 105 to peer 0x55f9059eaf80 (113 bytes)
1715284212.916661 sending message 105 to peer 0x55f9059eaf80 (11 bytes)
1715284212.916668 sending message 105 to peer 0x55f9059eaf80 (83 bytes)
1715284212.916676 sending message 105 to peer 0x55f9059eaf80 (21 bytes)
1715284212.916683 sending message 105 to peer 0x55f9059eaf80 (59 bytes)
1715284212.916690 sending message 105 to peer 0x55f9059eaf80 (48 bytes)
1715284212.916697 sending message 105 to peer 0x55f9059eaf80 (16 bytes)
1715284212.916704 sending message 105 to peer 0x55f9059eaf80 (20 bytes)
1715284212.916711 sending message 105 to peer 0x55f9059eaf80 (22 bytes)
1715284212.916718 sending message 105 to peer 0x55f9059eaf80 (57 bytes)
1715284212.916725 sending message 105 to peer 0x55f9059eaf80 (55 bytes)
1715284212.916733 sending message 105 to peer 0x55f9059eaf80 (12 bytes)
1715284212.916740 sending message 105 to peer 0x55f9059eaf80 (1786 bytes)
1715284212.916749 sending message 105 to peer 0x55f9059eaf80 (40 bytes)
1715284212.916757 sending message 105 to peer 0x55f9059eaf80 (26 bytes)
1715284212.916763 sending message 105 to peer 0x55f9059eaf80 (25 bytes)
1715284212.916771 sending message 105 to peer 0x55f9059eaf80 (8 bytes)
1715284212.916778 sending message 105 to peer 0x55f9059eaf80 (20 bytes)
1715284212.916785 sending message 105 to peer 0x55f9059eaf80 (18 bytes)
1715284212.916792 sending message 105 to peer 0x55f9059eaf80 (25 bytes)
1715284212.916799 sending message 105 to peer 0x55f9059eaf80 (37 bytes)
1715284212.916806 sending message 105 to peer 0x55f9059eaf80 (13 bytes)
1715284212.916813 sending message 105 to peer 0x55f9059eaf80 (49 bytes)
1715284212.916820 sending message 105 to peer 0x55f9059eaf80 (8 bytes)
1715284212.916827 sending message 105 to peer 0x55f9059eaf80 (26 bytes)
1715284212.916834 sending message 105 to peer 0x55f9059eaf80 (24 bytes)
1715284212.916842 sending message 105 to peer 0x55f9059eaf80 (33 bytes)
1715284212.916849 sending message 105 to peer 0x55f9059eaf80 (29 bytes)
1715284212.916856 sending message 105 to peer 0x55f9059eaf80 (36 bytes)
1715284212.916863 sending message 105 to peer 0x55f9059eaf80 (53 bytes)
1715284212.916870 sending message 105 to peer 0x55f9059eaf80 (48 bytes)
1715284212.916877 sending message 105 to peer 0x55f9059eaf80 (32 bytes)
1715284212.916884 sending message 105 to peer 0x55f9059eaf80 (22 bytes)
1715284212.916891 sending message 105 to peer 0x55f9059eaf80 (22 bytes)
1715284212.916898 sending message 105 to peer 0x55f9059eaf80 (11 bytes)
1715284212.916905 sending message 105 to peer 0x55f9059eaf80 (7 bytes)
1715284212.916912 sending message 105 to peer 0x55f9059eaf80 (24 bytes)
1715284212.916919 sending message 105 to peer 0x55f9059eaf80 (20 bytes)
1715284212.916926 sending message 105 to peer 0x55f9059eaf80 (10 bytes)
1715284212.916934 sending message 105 to peer 0x55f9059eaf80 (243 bytes)
1715284212.916942 sending message 105 to peer 0x55f9059eaf80 (115 bytes)
1715284212.916948 sending message 105 to peer 0x55f9059eaf80 (26 bytes)
1715284212.916955 sending message 105 to peer 0x55f9059eaf80 (49 bytes)
1715284212.916963 sending message 105 to peer 0x55f9059eaf80 (21 bytes)
1715284212.916969 sending message 106 to peer 0x55f9059eaf80 (0 bytes)
1715284212.917107 sending message 200 to peer 0x55f9059eaf80 (4 bytes)
1715284212.917118 client loop enter
1715284212.918531 peer 0x55f9059eaf80 message 303
1715284212.918571 open write file 2 -
1715284212.918589 sending message 305 to peer 0x55f9059eaf80 (8 bytes)
1715284212.918606 write check file 2
1715284212.919016 peer 0x55f9059eaf80 message 304
1715284212.919033 write 58 to file 2
1715284212.919043 peer 0x55f9059eaf80 message 203
1715284212.919051 file 2 58 bytes left
1715284212.919108 write check file 2
1715284212.919118 client loop exit
